<?xml version="1.0" encoding="UTF-8"?>
<!-- Generated by org.testng.reporters.JUnitReportReporter -->
<testsuite hostname="APL-5CD50835D6" failures="0" tests="1" name="com.automationexercise.testcases.TC10_VerifySubscriptionPage" time="9.135" errors="0" timestamp="2026-03-09T14:54:59 IST" skipped="0">
  <testcase classname="com.automationexercise.testcases.TC10_VerifySubscriptionPage" name="VerifySubscription" time="9.135"/>
</testsuite> <!-- com.automationexercise.testcases.TC10_VerifySubscriptionPage -->
