<?xml version="1.0" encoding="UTF-8"?>
<!-- Generated by org.testng.reporters.JUnitReportReporter -->
<testsuite hostname="APL-5CD50835D6" failures="0" tests="1" name="com.automationexercise.testcases.TC5_RegisterExistingMail" time="20.478" errors="0" timestamp="2026-03-09T14:54:59 IST" skipped="0">
  <testcase classname="com.automationexercise.testcases.TC5_RegisterExistingMail" name="existingRegister" time="20.478"/>
</testsuite> <!-- com.automationexercise.testcases.TC5_RegisterExistingMail -->
