<?xml version="1.0" encoding="UTF-8"?>
<!-- Generated by org.testng.reporters.JUnitReportReporter -->
<testsuite hostname="APL-5CD50835D6" failures="0" tests="1" name="com.automationexercise.testcases.TC5_RegisterExistingMail" time="14.735" errors="0" timestamp="2026-03-11T10:40:36 IST" skipped="0">
  <testcase classname="com.automationexercise.testcases.TC5_RegisterExistingMail" name="existingRegister" time="14.735"/>
  <system-out/>
</testsuite> <!-- com.automationexercise.testcases.TC5_RegisterExistingMail -->
