<?xml version="1.0" encoding="UTF-8"?>
<!-- Generated by org.testng.reporters.JUnitXMLReporter -->
<testsuite ignored="0" hostname="APL-5CD50835D6" failures="4" tests="10" name="Test" time="236.634" errors="0" timestamp="2026-03-11T10:40:36 IST">
  <testcase classname="com.automationexercise.testcases.TC1_RegisterUser" name="RegisterUser" time="23.299">
    <failure type="java.lang.AssertionError" message="user account is not deleted expected [true] but found [false]">
      <![CDATA[java.lang.AssertionError: user account is not deleted expected [true] but found [false]
at com.automationexercise.testcases.TC1_RegisterUser.RegisterUser(TC1_RegisterUser.java:48)
at java.base/java.util.ArrayList.forEach(ArrayList.java:1596)
... Removed 32 stack frames]]>
    </failure>
  </testcase> <!-- RegisterUser -->
  <testcase classname="com.automationexercise.testcases.TC2_ValidLogin" name="loginValid" time="37.898">
    <failure type="java.lang.AssertionError" message="Logged in as username is not visible expected [true] but found [false]">
      <![CDATA[java.lang.AssertionError: Logged in as username is not visible expected [true] but found [false]
at com.automationexercise.testcases.TC2_ValidLogin.loginValid(TC2_ValidLogin.java:26)
at java.base/java.util.ArrayList.forEach(ArrayList.java:1596)
... Removed 32 stack frames]]>
    </failure>
  </testcase> <!-- loginValid -->
  <testcase classname="com.automationexercise.testcases.TC3_InvalidLogin" name="loginInvalid" time="42.848">
    <failure type="java.lang.AssertionError" message="expected [true] but found [false]">
      <![CDATA[java.lang.AssertionError: expected [true] but found [false]
at com.automationexercise.testcases.TC3_InvalidLogin.loginInvalid(TC3_InvalidLogin.java:24)
at java.base/java.util.ArrayList.forEach(ArrayList.java:1596)
... Removed 33 stack frames]]>
    </failure>
  </testcase> <!-- loginInvalid -->
  <testcase classname="com.automationexercise.testcases.TC4_LogoutUser" name="userLogout" time="38.053">
    <failure type="java.lang.AssertionError" message="user is not logged in expected [true] but found [false]">
      <![CDATA[java.lang.AssertionError: user is not logged in expected [true] but found [false]
at com.automationexercise.testcases.TC4_LogoutUser.userLogout(TC4_LogoutUser.java:26)
at java.base/java.util.ArrayList.forEach(ArrayList.java:1596)
... Removed 32 stack frames]]>
    </failure>
  </testcase> <!-- userLogout -->
  <testcase classname="com.automationexercise.testcases.TC5_RegisterExistingMail" name="existingRegister" time="11.505"/>
  <testcase classname="com.automationexercise.testcases.TC6_Contactus" name="contactus" time="7.543"/>
  <testcase classname="com.automationexercise.testcases.TC7_VerifyTestCasesPage" name="verifyTestCases" time="10.33"/>
  <testcase classname="com.automationexercise.testcases.TC8_VerifyProductsPage" name="verifyProductsPage" time="13.453"/>
  <testcase classname="com.automationexercise.testcases.TC9_SearchProducts" name="searchProducts" time="11.772"/>
  <testcase classname="com.automationexercise.testcases.TC10_VerifySubscriptionPage" name="VerifySubscription" time="5.088"/>
</testsuite> <!-- Test -->
