<?xml version="1.0" encoding="UTF-8"?>
<!-- Generated by org.testng.reporters.JUnitXMLReporter -->
<testsuite ignored="0" hostname="APL-5CD50835D6" failures="0" tests="10" name="Test" time="233.627" errors="0" timestamp="2026-03-09T14:54:58 IST">
  <testcase classname="com.automationexercise.testcases.TC1_RegisterUser" name="RegisterUser" time="27.026"/>
  <testcase classname="com.automationexercise.testcases.TC2_ValidLogin" name="loginValid" time="16.397"/>
  <testcase classname="com.automationexercise.testcases.TC3_InvalidLogin" name="loginInvalid" time="27.443"/>
  <testcase classname="com.automationexercise.testcases.TC4_LogoutUser" name="userLogout" time="16.066"/>
  <testcase classname="com.automationexercise.testcases.TC5_RegisterExistingMail" name="existingRegister" time="17.43"/>
  <testcase classname="com.automationexercise.testcases.TC6_Contactus" name="contactus" time="47.924"/>
  <testcase classname="com.automationexercise.testcases.TC7_VerifyTestCasesPage" name="verifyTestCases" time="10.727"/>
  <testcase classname="com.automationexercise.testcases.TC8_VerifyProductsPage" name="verifyProductsPage" time="14.513"/>
  <testcase classname="com.automationexercise.testcases.TC9_SearchProducts" name="searchProducts" time="15.857"/>
  <testcase classname="com.automationexercise.testcases.TC10_VerifySubscriptionPage" name="VerifySubscription" time="6.116"/>
</testsuite> <!-- Test -->
